Start testing: Nov 25 13:30 Rom, normaltid
----------------------------------------------------------
1/1 Testing: usage_test
1/1 Test: usage_test
Command: "C:/Users/nicol/Desktop/C C++/Week_12/assignment-12-Snake1506/build/tests/tests.exe"
Directory: C:/Users/nicol/Desktop/C C++/Week_12/assignment-12-Snake1506/build/tests
"usage_test" start time: Nov 25 13:30 Rom, normaltid
Output:
----------------------------------------------------------

~~~~~~~~~~~~~~~~~~~~~~~~~~~~~~~~~~~~~~~~~~~~~~~~~~~~~~~~~~~~~~~~~~~~~~~~~~~~~~~
tests.exe is a Catch v2.13.4 host application.
Run with -? for options

-------------------------------------------------------------------------------
duration
-------------------------------------------------------------------------------
C:\Users\nicol\Desktop\C C++\Week_12\assignment-12-Snake1506\tests\src\tests.cpp:14
...............................................................................

C:\Users\nicol\Desktop\C C++\Week_12\assignment-12-Snake1506\tests\src\tests.cpp:28: FAILED:
  REQUIRE( s2 == 10 )
with expansion:
  0 == 10

===============================================================================
test cases: 1 | 1 failed
assertions: 2 | 1 passed | 1 failed

<end of output>
Test time =   5.09 sec
----------------------------------------------------------
Test Failed.
"usage_test" end time: Nov 25 13:30 Rom, normaltid
"usage_test" time elapsed: 00:00:05
----------------------------------------------------------

End testing: Nov 25 13:30 Rom, normaltid
